The system is: Linux - 5.6.8-arch1-1 - x86_64
Compiling the C compiler identification source file "CMakeCCompilerId.c" succeeded.
Compiler: /usr/bin/cc 
Build flags: 
Id flags:  

The output was:
0


Compilation of the C compiler identification source "CMakeCCompilerId.c" produced "a.out"

The C compiler identification is GNU, found in "/run/media/david/Cirque/Punkin Chunkin/python/CDT/build_linux/CMakeFiles/3.17.2/CompilerIdC/a.out"

Compiling the CXX compiler identification source file "CMakeCXXCompilerId.cpp" succeeded.
Compiler: /usr/bin/c++ 
Build flags: 
Id flags:  

The output was:
0


Compilation of the CXX compiler identification source "CMakeCXXCompilerId.cpp" produced "a.out"

The CXX compiler identification is GNU, found in "/run/media/david/Cirque/Punkin Chunkin/python/CDT/build_linux/CMakeFiles/3.17.2/CompilerIdCXX/a.out"

Determining if the C compiler works passed with the following output:
Change Dir: /run/media/david/Cirque/Punkin Chunkin/python/CDT/build_linux/CMakeFiles/CMakeTmp

Run Build Command(s):/usr/bin/make cmTC_e4d29/fast && /usr/bin/make  -f CMakeFiles/cmTC_e4d29.dir/build.make CMakeFiles/cmTC_e4d29.dir/build
make[1]: Entering directory '/run/media/david/Cirque/Punkin Chunkin/python/CDT/build_linux/CMakeFiles/CMakeTmp'
Building C object CMakeFiles/cmTC_e4d29.dir/testCCompiler.c.o
/usr/bin/cc    -o CMakeFiles/cmTC_e4d29.dir/testCCompiler.c.o   -c "/run/media/david/Cirque/Punkin Chunkin/python/CDT/build_linux/CMakeFiles/CMakeTmp/testCCompiler.c"
Linking C executable cmTC_e4d29
/usr/bin/cmake -E cmake_link_script CMakeFiles/cmTC_e4d29.dir/link.txt --verbose=1
/usr/bin/cc      CMakeFiles/cmTC_e4d29.dir/testCCompiler.c.o  -o cmTC_e4d29 
make[1]: Leaving directory '/run/media/david/Cirque/Punkin Chunkin/python/CDT/build_linux/CMakeFiles/CMakeTmp'



Determining if the CXX compiler works passed with the following output:
Change Dir: /run/media/david/Cirque/Punkin Chunkin/python/CDT/build_linux/CMakeFiles/CMakeTmp

Run Build Command(s):/usr/bin/make cmTC_4a38d/fast && /usr/bin/make  -f CMakeFiles/cmTC_4a38d.dir/build.make CMakeFiles/cmTC_4a38d.dir/build
make[1]: Entering directory '/run/media/david/Cirque/Punkin Chunkin/python/CDT/build_linux/CMakeFiles/CMakeTmp'
Building CXX object CMakeFiles/cmTC_4a38d.dir/testCXXCompiler.cxx.o
/usr/bin/c++     -o CMakeFiles/cmTC_4a38d.dir/testCXXCompiler.cxx.o -c "/run/media/david/Cirque/Punkin Chunkin/python/CDT/build_linux/CMakeFiles/CMakeTmp/testCXXCompiler.cxx"
Linking CXX executable cmTC_4a38d
/usr/bin/cmake -E cmake_link_script CMakeFiles/cmTC_4a38d.dir/link.txt --verbose=1
/usr/bin/c++       CMakeFiles/cmTC_4a38d.dir/testCXXCompiler.cxx.o  -o cmTC_4a38d 
make[1]: Leaving directory '/run/media/david/Cirque/Punkin Chunkin/python/CDT/build_linux/CMakeFiles/CMakeTmp'



